<?xml version="1.0" encoding="UTF-8"?>
<!-- Generated by org.testng.reporters.JUnitXMLReporter -->
<testsuite ignored="0" hostname="WKSPUN05GTR0522" failures="1" tests="5" name="Default test" time="23.758" errors="0" timestamp="2025-05-15T21:12:59 IST">
  <testcase classname="io.cucumber.testng.AbstractTestNGCucumberTests" name="runScenario" time="15.134"/>
  <testcase classname="io.cucumber.testng.AbstractTestNGCucumberTests" name="runScenario" time="2.57"/>
  <testcase classname="io.cucumber.testng.AbstractTestNGCucumberTests" name="runScenario" time="1.062"/>
  <testcase classname="io.cucumber.testng.AbstractTestNGCucumberTests" name="runScenario" time="2.432">
    <failure type="junit.framework.AssertionFailedError" message="User should be able to register...">
      <![CDATA[junit.framework.AssertionFailedError: User should be able to register...
at junit.framework.Assert.fail(Assert.java:57)
at junit.framework.Assert.assertTrue(Assert.java:22)
at com.awesomeQA.stepDefinition.RegisterPageStepDefinition.I_click_on_to_register_option_correctCreds(RegisterPageStepDefinition.java:33)
at ✽.I passed correct "John1", "Doe1", "john1.doe@gmail.com", "9876542210", "Pass@1231", "Pass@1231" credentials(file:///C:/Users/susil.k/eclipse-workspace/cucumberRevise/src/test/resources/features/registerPageFeature.feature:12)
]]>
    </failure>
  </testcase> <!-- runScenario -->
  <testcase classname="io.cucumber.testng.AbstractTestNGCucumberTests" name="runScenario" time="2.139"/>
</testsuite> <!-- Default test -->
