<?xml version="1.0" encoding="UTF-8"?>
<testng-results ignored="0" total="0" passed="0" failed="0" skipped="0">
  <reporter-output>
  </reporter-output>
  <suite started-at="2025-05-14T19:54:30 IST" name="Default suite" finished-at="2025-05-14T19:54:30 IST" duration-ms="296">
    <groups>
      <group name="cucumber">
        <method signature="AbstractTestNGCucumberTests.runScenario(io.cucumber.testng.PickleWrapper,io.cucumber.testng.FeatureWrapper)[pri:0, instance:com.awesomeQA.runners.RunnerClass@d86a6f]" name="runScenario" class="io.cucumber.testng.AbstractTestNGCucumberTests"/>
      </group> <!-- cucumber -->
    </groups>
    <test started-at="2025-05-14T19:54:30 IST" name="Default test" finished-at="2025-05-14T19:54:30 IST" duration-ms="296">
      <class name="com.awesomeQA.runners.RunnerClass">
        <test-method is-config="true" signature="setUpClass()[pri:0, instance:com.awesomeQA.runners.RunnerClass@d86a6f]" started-at="2025-05-14T19:54:30 IST" name="setUpClass" finished-at="2025-05-14T19:54:30 IST" duration-ms="248" status="PASS">
          <reporter-output>
          </reporter-output>
        </test-method> <!-- setUpClass -->
        <test-method is-config="true" signature="tearDownClass()[pri:0, instance:com.awesomeQA.runners.RunnerClass@d86a6f]" started-at="2025-05-14T19:54:30 IST" name="tearDownClass" finished-at="2025-05-14T19:54:30 IST" duration-ms="12" status="PASS">
          <reporter-output>
          </reporter-output>
        </test-method> <!-- tearDownClass -->
      </class> <!-- com.awesomeQA.runners.RunnerClass -->
    </test> <!-- Default test -->
  </suite> <!-- Default suite -->
</testng-results>
