<?xml version="1.0" encoding="UTF-8"?>
<!-- Generated by org.testng.reporters.JUnitReportReporter -->
<testsuite hostname="WKSPUN05GTR0522" failures="1" tests="5" name="com.awesomeQA.runners.RunnerClass" time="23.337" errors="0" timestamp="2025-05-15T21:12:59 IST" skipped="0">
  <testcase classname="com.awesomeQA.runners.RunnerClass" name="runScenario" time="15.134"/>
  <testcase classname="com.awesomeQA.runners.RunnerClass" name="runScenario" time="2.570"/>
  <testcase classname="com.awesomeQA.runners.RunnerClass" name="runScenario" time="1.062"/>
  <testcase classname="com.awesomeQA.runners.RunnerClass" name="runScenario" time="2.139"/>
  <testcase classname="com.awesomeQA.runners.RunnerClass" name="runScenario" time="2.432">
    <failure message="User should be able to register..." type="junit.framework.AssertionFailedError">
      <![CDATA[junit.framework.AssertionFailedError: User should be able to register...
at junit.framework.Assert.fail(Assert.java:57)
at junit.framework.Assert.assertTrue(Assert.java:22)
at com.awesomeQA.stepDefinition.RegisterPageStepDefinition.I_click_on_to_register_option_correctCreds(RegisterPageStepDefinition.java:33)
at ✽.I passed correct "John1", "Doe1", "john1.doe@gmail.com", "9876542210", "Pass@1231", "Pass@1231" credentials(file:///C:/Users/susil.k/eclipse-workspace/cucumberRevise/src/test/resources/features/registerPageFeature.feature:12)
]]>
    </failure>
  </testcase> <!-- runScenario -->
</testsuite> <!-- com.awesomeQA.runners.RunnerClass -->
